<?xml version="1.0" encoding="UTF-8" standalone="no"?>
<testsuite errors="0" failures="1" name="io.cucumber.core.plugin.JUnitFormatter" skipped="0" tests="4" time="234.229">
<testcase classname="Contact Customer Care for Product Inquiry" name="Contact Customer Care for Product Inquiry" time="51.243">
<system-out><![CDATA[Given user opens login page.................................................passed
When user enters valid username and password................................passed
And user clicks on Login button.............................................passed
Then user clicks on contact us..............................................passed
When user enters "Customer service","435837","for testing purpose" and send message.passed
Then message should be sent to customer care................................passed
]]></system-out>
</testcase>
<testcase classname="Verify Login Page Scenarios" name="Login to site with valid username and valid password" time="42.534">
<system-out><![CDATA[Given user opens login page.................................................passed
When user enters valid username and password................................passed
And user clicks on Login button.............................................passed
Then user extracts the title of the page....................................passed
And page title should be same as home page..................................passed
]]></system-out>
</testcase>
<testcase classname="Verify Login Page Scenarios" name="Verify title of Login page" time="28.685">
<system-out><![CDATA[Given user opens login page.................................................passed
When user extracts the title of the page....................................passed
Then page title should be same as login page................................passed
]]></system-out>
</testcase>
<testcase classname="Purchase first product" name="Place order for first product" time="111.466">
<failure message="chrome not reachable&#10;  (Session info: chrome=101.0.4951.67)&#10;Build info: version: '4.1.1', revision: 'e8fcc2cecf'&#10;System info: host: 'DESKTOP-J6M0BK6', ip: '192.168.178.169', os.name: 'Windows 10', os.arch: 'amd64', os.version: '10.0', java.version: '1.8.0_251'&#10;Driver info: org.openqa.selenium.chrome.ChromeDriver&#10;Command: [629b99bde25336740d2676ffff1c670f, findElement {using=xpath, value=//*[@id=&quot;center_column&quot;]/p[2]/a[1]/span}]&#10;Capabilities {acceptInsecureCerts: false, browserName: chrome, browserVersion: 101.0.4951.67, chrome: {chromedriverVersion: 101.0.4951.41 (93c720db8323..., userDataDir: C:\Users\hp\AppData\Local\T...}, goog:chromeOptions: {debuggerAddress: localhost:52917}, javascriptEnabled: true, networkConnectionEnabled: false, pageLoadStrategy: normal, platform: WINDOWS, platformName: WINDOWS, proxy: Proxy(), se:cdp: ws://localhost:52917/devtoo..., se:cdpVersion: 101.0.4951.67, setWindowRect: true, strictFileInteractability: false, timeouts: {implicit: 0, pageLoad: 300000, script: 30000}, unhandledPromptBehavior: dismiss and notify, webauthn:extension:credBlob: true, webauthn:extension:largeBlob: true, webauthn:virtualAuthenticators: true}&#10;Session ID: 629b99bde25336740d2676ffff1c670f" type="org.openqa.selenium.WebDriverException"><![CDATA[Given user opens login page.................................................passed
When user enters valid username and password................................passed
And user clicks on Login button.............................................passed
Then user clicks on header logo.............................................passed
When user selects first product.............................................passed
And user adds product to cart...............................................failed
And user pays by bank wire..................................................skipped
Then order of selected product should be completed..........................skipped

StackTrace:
org.openqa.selenium.WebDriverException: chrome not reachable
  (Session info: chrome=101.0.4951.67)
Build info: version: '4.1.1', revision: 'e8fcc2cecf'
System info: host: 'DESKTOP-J6M0BK6', ip: '192.168.178.169', os.name: 'Windows 10', os.arch: 'amd64', os.version: '10.0', java.version: '1.8.0_251'
Driver info: org.openqa.selenium.chrome.ChromeDriver
Command: [629b99bde25336740d2676ffff1c670f, findElement {using=xpath, value=//*[@id="center_column"]/p[2]/a[1]/span}]
Capabilities {acceptInsecureCerts: false, browserName: chrome, browserVersion: 101.0.4951.67, chrome: {chromedriverVersion: 101.0.4951.41 (93c720db8323..., userDataDir: C:\Users\hp\AppData\Local\T...}, goog:chromeOptions: {debuggerAddress: localhost:52917}, javascriptEnabled: true, networkConnectionEnabled: false, pageLoadStrategy: normal, platform: WINDOWS, platformName: WINDOWS, proxy: Proxy(), se:cdp: ws://localhost:52917/devtoo..., se:cdpVersion: 101.0.4951.67, setWindowRect: true, strictFileInteractability: false, timeouts: {implicit: 0, pageLoad: 300000, script: 30000}, unhandledPromptBehavior: dismiss and notify, webauthn:extension:credBlob: true, webauthn:extension:largeBlob: true, webauthn:virtualAuthenticators: true}
Session ID: 629b99bde25336740d2676ffff1c670f
	at sun.reflect.NativeConstructorAccessorImpl.newInstance0(Native Method)
	at sun.reflect.NativeConstructorAccessorImpl.newInstance(NativeConstructorAccessorImpl.java:62)
	at sun.reflect.DelegatingConstructorAccessorImpl.newInstance(DelegatingConstructorAccessorImpl.java:45)
	at java.lang.reflect.Constructor.newInstance(Constructor.java:423)
	at org.openqa.selenium.remote.codec.w3c.W3CHttpResponseCodec.createException(W3CHttpResponseCodec.java:200)
	at org.openqa.selenium.remote.codec.w3c.W3CHttpResponseCodec.decode(W3CHttpResponseCodec.java:133)
	at org.openqa.selenium.remote.codec.w3c.W3CHttpResponseCodec.decode(W3CHttpResponseCodec.java:53)
	at org.openqa.selenium.remote.HttpCommandExecutor.execute(HttpCommandExecutor.java:184)
	at org.openqa.selenium.remote.service.DriverCommandExecutor.invokeExecute(DriverCommandExecutor.java:167)
	at org.openqa.selenium.remote.service.DriverCommandExecutor.execute(DriverCommandExecutor.java:142)
	at org.openqa.selenium.remote.RemoteWebDriver.execute(RemoteWebDriver.java:543)
	at org.openqa.selenium.remote.ElementLocation$ElementFinder$2.findElement(ElementLocation.java:162)
	at org.openqa.selenium.remote.ElementLocation.findElement(ElementLocation.java:60)
	at org.openqa.selenium.remote.RemoteWebDriver.findElement(RemoteWebDriver.java:367)
	at org.openqa.selenium.remote.RemoteWebDriver.findElement(RemoteWebDriver.java:359)
	at org.openqa.selenium.support.ui.ExpectedConditions$7.apply(ExpectedConditions.java:197)
	at org.openqa.selenium.support.ui.ExpectedConditions$7.apply(ExpectedConditions.java:193)
	at org.openqa.selenium.support.ui.FluentWait.until(FluentWait.java:208)
	at pages.PlaceOrderPage.addProductToCart(PlaceOrderPage.java:46)
	at steps.PlaceOrderSteps.user_adds_product_to_cart(PlaceOrderSteps.java:19)
	at âœ½.user adds product to cart(file:///C:/Users/hp/eclipse-workspace/qa-web/src/test/resources/features/PlaceOrder.feature:14)
]]></failure>
</testcase>
</testsuite>
